# JRE version: OpenJDK Runtime Environment (17.0.10) (build 17.0.10+0-17.0.10b1087.21-11572160)
# Java VM: OpenJDK 64-Bit Server VM (17.0.10+0-17.0.10b1087.21-11572160, mixed mode, tiered, compressed oops, compressed class ptrs, g1 gc, linux-amd64)
GC Precious Log:
 CPUs: 6 total, 6 available
 Memory: 7800M
 Large Page Support: Disabled
 NUMA Support: Disabled
 Compressed Oops: Enabled (32-bit)
 Heap Region Size: 1M
 Heap Min Capacity: 8M
 Heap Initial Capacity: 122M
 Heap Max Capacity: 2G
 Pre-touch: Disabled
 Parallel Workers: 6
 Concurrent Workers: 2
 Concurrent Refinement Workers: 6
 Periodic GC: Disabled
Heap:
 garbage-first heap   total 336896K, used 192076K [0x0000000080000000, 0x0000000100000000)
  region size 1024K, 29 young (29696K), 8 survivors (8192K)
 Metaspace       used 121879K, committed 122944K, reserved 1179648K
  class space    used 16393K, committed 16896K, reserved 1048576K
GC Heap History (20 events):
Event: 14.855 GC heap before
{Heap before GC invocations=60 (full 0):
 garbage-first heap   total 239616K, used 172595K [0x0000000080000000, 0x0000000100000000)
  region size 1024K, 42 young (43008K), 3 survivors (3072K)
 Metaspace       used 89911K, committed 90688K, reserved 1179648K
  class space    used 12511K, committed 12864K, reserved 1048576K
}
Event: 14.871 GC heap after
{Heap after GC invocations=61 (full 0):
 garbage-first heap   total 239616K, used 135681K [0x0000000080000000, 0x0000000100000000)
  region size 1024K, 5 young (5120K), 5 survivors (5120K)
 Metaspace       used 89911K, committed 90688K, reserved 1179648K
  class space    used 12511K, committed 12864K, reserved 1048576K
}
Event: 15.213 GC heap before
{Heap before GC invocations=62 (full 0):
 garbage-first heap   total 280576K, used 176641K [0x0000000080000000, 0x0000000100000000)
  region size 1024K, 31 young (31744K), 5 survivors (5120K)
 Metaspace       used 90935K, committed 91648K, reserved 1179648K
  class space    used 12629K, committed 12928K, reserved 1048576K
}
Event: 15.225 GC heap after
{Heap after GC invocations=63 (full 0):
 garbage-first heap   total 280576K, used 142964K [0x0000000080000000, 0x0000000100000000)
  region size 1024K, 8 young (8192K), 8 survivors (8192K)
 Metaspace       used 90935K, committed 91648K, reserved 1179648K
  class space    used 12629K, committed 12928K, reserved 1048576K
}
Event: 16.154 GC heap before
{Heap before GC invocations=64 (full 0):
 garbage-first heap   total 280576K, used 211572K [0x0000000080000000, 0x0000000100000000)
  region size 1024K, 73 young (74752K), 8 survivors (8192K)
 Metaspace       used 99027K, committed 99776K, reserved 1179648K
  class space    used 13687K, committed 14016K, reserved 1048576K
}
Event: 16.167 GC heap after
{Heap after GC invocations=65 (full 0):
 garbage-first heap   total 280576K, used 146130K [0x0000000080000000, 0x0000000100000000)
  region size 1024K, 4 young (4096K), 4 survivors (4096K)
 Metaspace       used 99027K, committed 99776K, reserved 1179648K
  class space    used 13687K, committed 14016K, reserved 1048576K
}
Event: 16.529 GC heap before
{Heap before GC invocations=65 (full 0):
 garbage-first heap   total 280576K, used 165586K [0x0000000080000000, 0x0000000100000000)
  region size 1024K, 25 young (25600K), 4 survivors (4096K)
 Metaspace       used 101288K, committed 102080K, reserved 1179648K
  class space    used 13948K, committed 14336K, reserved 1048576K
}
Event: 16.534 GC heap after
{Heap after GC invocations=66 (full 0):
 garbage-first heap   total 336896K, used 147144K [0x0000000080000000, 0x0000000100000000)
  region size 1024K, 5 young (5120K), 5 survivors (5120K)
 Metaspace       used 101288K, committed 102080K, reserved 1179648K
  class space    used 13948K, committed 14336K, reserved 1048576K
}
Event: 18.036 GC heap before
{Heap before GC invocations=66 (full 0):
 garbage-first heap   total 336896K, used 273096K [0x0000000080000000, 0x0000000100000000)
  region size 1024K, 124 young (126976K), 5 survivors (5120K)
 Metaspace       used 106476K, committed 107392K, reserved 1179648K
  class space    used 14495K, committed 14976K, reserved 1048576K
}
Event: 18.054 GC heap after
{Heap after GC invocations=67 (full 0):
 garbage-first heap   total 336896K, used 154533K [0x0000000080000000, 0x0000000100000000)
  region size 1024K, 12 young (12288K), 12 survivors (12288K)
 Metaspace       used 106476K, committed 107392K, reserved 1179648K
  class space    used 14495K, committed 14976K, reserved 1048576K
}
Event: 20.177 GC heap before
{Heap before GC invocations=67 (full 0):
 garbage-first heap   total 336896K, used 264101K [0x0000000080000000, 0x0000000100000000)
  region size 1024K, 120 young (122880K), 12 survivors (12288K)
 Metaspace       used 107812K, committed 108800K, reserved 1179648K
  class space    used 14598K, committed 15104K, reserved 1048576K
}
Event: 20.202 GC heap after
{Heap after GC invocations=68 (full 0):
 garbage-first heap   total 336896K, used 165074K [0x0000000080000000, 0x0000000100000000)
  region size 1024K, 11 young (11264K), 11 survivors (11264K)
 Metaspace       used 107812K, committed 108800K, reserved 1179648K
  class space    used 14598K, committed 15104K, reserved 1048576K
}
Event: 69.295 GC heap before
{Heap before GC invocations=68 (full 0):
 garbage-first heap   total 336896K, used 270546K [0x0000000080000000, 0x0000000100000000)
  region size 1024K, 114 young (116736K), 11 survivors (11264K)
 Metaspace       used 112000K, committed 112960K, reserved 1179648K
  class space    used 15274K, committed 15744K, reserved 1048576K
}
Event: 69.307 GC heap after
{Heap after GC invocations=69 (full 0):
 garbage-first heap   total 336896K, used 161769K [0x0000000080000000, 0x0000000100000000)
  region size 1024K, 6 young (6144K), 6 survivors (6144K)
 Metaspace       used 112000K, committed 112960K, reserved 1179648K
  class space    used 15274K, committed 15744K, reserved 1048576K
}
Event: 69.835 GC heap before
{Heap before GC invocations=70 (full 0):
 garbage-first heap   total 336896K, used 274409K [0x0000000080000000, 0x0000000100000000)
  region size 1024K, 116 young (118784K), 6 survivors (6144K)
 Metaspace       used 114279K, committed 115264K, reserved 1179648K
  class space    used 15538K, committed 16000K, reserved 1048576K
}
Event: 69.845 GC heap after
{Heap after GC invocations=71 (full 0):
 garbage-first heap   total 336896K, used 164260K [0x0000000080000000, 0x0000000100000000)
  region size 1024K, 9 young (9216K), 9 survivors (9216K)
 Metaspace       used 114279K, committed 115264K, reserved 1179648K
  class space    used 15538K, committed 16000K, reserved 1048576K
}
Event: 69.861 GC heap before
{Heap before GC invocations=71 (full 0):
 garbage-first heap   total 336896K, used 171428K [0x0000000080000000, 0x0000000100000000)
  region size 1024K, 16 young (16384K), 9 survivors (9216K)
 Metaspace       used 114280K, committed 115264K, reserved 1179648K
  class space    used 15538K, committed 16000K, reserved 1048576K
}
Event: 69.871 GC heap after
{Heap after GC invocations=72 (full 0):
 garbage-first heap   total 336896K, used 163986K [0x0000000080000000, 0x0000000100000000)
  region size 1024K, 1 young (1024K), 1 survivors (1024K)
 Metaspace       used 114280K, committed 115264K, reserved 1179648K
  class space    used 15538K, committed 16000K, reserved 1048576K
}
Event: 70.636 GC heap before
{Heap before GC invocations=72 (full 0):
 garbage-first heap   total 336896K, used 276626K [0x0000000080000000, 0x0000000100000000)
  region size 1024K, 112 young (114688K), 1 survivors (1024K)
 Metaspace       used 119066K, committed 120192K, reserved 1179648K
  class space    used 16119K, committed 16640K, reserved 1048576K
}
Event: 70.645 GC heap after
{Heap after GC invocations=73 (full 0):
 garbage-first heap   total 336896K, used 170572K [0x0000000080000000, 0x0000000100000000)
  region size 1024K, 8 young (8192K), 8 survivors (8192K)
 Metaspace       used 119066K, committed 120192K, reserved 1179648K
  class space    used 16119K, committed 16640K, reserved 1048576K
}

